#
minor=0 steps=10  	 0.04106 100000 4106 95894 : 749 749 3686 3686 1005 1005 : 4106 94560 47398 33286 80684 80377 10077
minor=0 steps=50  	 0.04016 100000 4016 95984 : 749 749 3686 3686 1005 1005 : 4016 94560 49198 35305 84503 83998 6546
#
minor=1 steps=10  	 0.04571 100000 4571 95429 : 749 749 3686 3686 1005 1005 : 4571 94560 80019 0 80019 79754 10235
minor=1 steps=50  	 0.04368 100000 4368 95632 : 749 749 3686 3686 1005 1005 : 4368 94560 84366 0 84366 83871 6321
#
minor=2 steps=10  	 0.04108 100000 4108 95892 : 749 749 3686 3686 1005 1005 : 4108 94560 0 80511 80511 80213 10239
minor=2 steps=50  	 0.04017 100000 4017 95983 : 749 749 3686 3686 1005 1005 : 4017 94560 0 84487 84487 83984 6559
#
minor=4 steps=10  	 0.0397 100000 3970 96030 : 749 749 3686 3686 1005 1005 : 3970 94560 57773 26099 83872 83404 7186
minor=4 steps=50  	 0.039 100000 3900 96100 : 749 749 3686 3686 1005 1005 : 3900 94560 59066 26215 85281 84735 5925
#
minor=5 steps=10  	 0.0422 100000 4220 95780 : 749 749 3686 3686 1005 1005 : 4220 94560 83810 0 83810 83350 6990
minor=5 steps=50  	 0.04061 100000 4061 95939 : 749 749 3686 3686 1005 1005 : 4061 94560 85268 0 85268 84728 5771
#
minor=6 steps=10  	 0.03964 100000 3964 96036 : 749 749 3686 3686 1005 1005 : 3964 94560 0 83743 83743 83291 7305
minor=6 steps=50  	 0.03892 100000 3892 96108 : 749 749 3686 3686 1005 1005 : 3892 94560 0 85248 85248 84720 5948
#
minor=12 steps=10  	 0.03931 100000 3931 96069 : 749 749 3686 3686 1005 1005 : 3931 94560 50316 33424 83740 83298 7331
minor=12 steps=50  	 0.03904 100000 3904 96096 : 749 749 3686 3686 1005 1005 : 3904 94560 51468 33861 85329 84785 5871
#
minor=13 steps=10  	 0.04205 100000 4205 95795 : 749 749 3686 3686 1005 1005 : 4205 94560 83645 0 83645 83206 7149
minor=13 steps=50  	 0.0408 100000 4080 95920 : 749 749 3686 3686 1005 1005 : 4080 94560 85304 0 85304 84765 5715
#
minor=14 steps=10  	 0.03931 100000 3931 96069 : 749 749 3686 3686 1005 1005 : 3931 94560 0 83603 83603 83165 7464
minor=14 steps=50  	 0.03903 100000 3903 96097 : 749 749 3686 3686 1005 1005 : 3903 94560 0 85312 85312 84772 5885
