#
lerr=0 steps=5  	 0.063 1000 63 937 : 6 6 24 24 11 11 : 63 959 471 270 741 741 155
lerr=0 steps=10  	 0.061 1000 61 939 : 6 6 24 24 11 11 : 61 959 505 319 824 823 75
lerr=0 steps=25  	 0.065 1000 65 935 : 6 6 24 24 11 11 : 65 959 521 336 857 854 40
lerr=0 steps=50  	 0.064 1000 64 936 : 6 6 24 24 11 11 : 64 959 524 337 861 858 37
#
lerr=1 steps=5  	 0.033 1000 33 967 : 6 6 24 24 11 11 : 33 959 471 270 741 741 185
lerr=1 steps=10  	 0.036 1000 36 964 : 6 6 24 24 11 11 : 36 959 507 317 824 823 100
lerr=1 steps=25  	 0.037 1000 37 963 : 6 6 24 24 11 11 : 37 959 523 334 857 854 68
lerr=1 steps=50  	 0.037 1000 37 963 : 6 6 24 24 11 11 : 37 959 526 335 861 858 64
#
lerr=2 steps=5  	 0.028 1000 28 972 : 6 6 24 24 11 11 : 28 959 471 270 741 741 190
lerr=2 steps=10  	 0.028 1000 28 972 : 6 6 24 24 11 11 : 28 959 507 317 824 823 108
lerr=2 steps=25  	 0.028 1000 28 972 : 6 6 24 24 11 11 : 28 959 523 334 857 854 77
lerr=2 steps=50  	 0.031 1000 31 969 : 6 6 24 24 11 11 : 31 959 526 335 861 858 70
#
lerr=3 steps=5  	 0.027 1000 27 973 : 6 6 24 24 11 11 : 27 959 471 270 741 741 191
lerr=3 steps=10  	 0.028 1000 28 972 : 6 6 24 24 11 11 : 28 959 507 317 824 823 108
lerr=3 steps=25  	 0.029 1000 29 971 : 6 6 24 24 11 11 : 29 959 523 334 857 854 76
lerr=3 steps=50  	 0.027 1000 27 973 : 6 6 24 24 11 11 : 27 959 526 335 861 858 74
