# opening DEM file ./examples/surf_d3.dem
# read DEM ./examples/surf_d3.dem: rows_H=24 rows_L=1 cols=221; nz_H=568 nz_L=36
# CSS code n=221 k=1
# H=Hx[24,221] nz=568 rank=24
# L=Lx[1,221] nz=36 rank=1
# submode=12, serial-V BP using both regular and average LLR
# use average LLR: aLLR = 0.5 * aLLR + 0.5 * LLR
# LLR calculation unit uses quantized LLR
# mode=1, running BP decoder : use DET and OBS files
# mode=1 submode=12: use BP decoder
# BP decoder parameters: steps=10 bpgamma=0.5 bpalpha=1 bpbeta=1 bpretry=1
# lerr=-1, no OSD
# ntot=5000 nvec=2500 nfail=0 
# uW=1, adding errors of weight up to 1 to syndrome hash
# uX=0, will not use partially matched errors for pre-decoding
# stored 221 errors / 221 distinct syndrome vectors in hash
# starting round 1 of 2 pfail=0.5 fail=0 total=0
# read 2500 det/obs pairs
# starting round 2 of 2 pfail=0.0416 fail=104 total=2500
# read 2500 det/obs pairs
# orig clusters: NC=933 an=1.51018 sn=0.554774 	 ac=2.65862 sc=1.6626 	 av=56.594 sv=68.6901
# remaining:     NX=558 an=1 sn=0 	 ac=4.33692 sc=1.29837 	 av=95.767 sv=98.6548
# P_FAIL N_TOT FAIL S_TOT : C_TRIVIAL S_TRIVIAL   C_LOW S_LOW  C_CLUS S_CLUS : FAIL_BP N_BP   C_BP C_BP_AVG C_BP_TOT   S_BP S_OSD
     0.0432 5000 216 4784 : 2178 2178 	 1889 1881 	 375 362 : 195 558 	 371 8 379 	 363  0
mismatched det: 179 obs: 110
