# initializing seed=5388272316 from time(NULL)+1000000ul*getpid()+0
# opening DEM file ./examples/surf_d3.dem
# read DEM ./examples/surf_d3.dem: rows_H=24 rows_L=1 cols=221; nz_H=568 nz_L=36
# CSS code n=221 k=1
# H=Hx[24,221] nz=568 rank=24
# L=Lx[1,221] nz=36 rank=1
# LLR calculation unit uses quantized LLR
# mode=0, running vecdec RIS decoder : use DET and OBS files
# mode=0 submode=0: use RIS decoder
# RIS decoder parameters: steps=1000 swait=0 lerr=-1
# ntot=5000 nvec=2500 nfail=0
# uW=1, adding errors of weight up to 1 to syndrome hash
# uX=0, will not use partially matched errors for pre-decoding
# stored 221 errors / 221 distinct syndrome vectors in hash
# read 2500 det/obs pairs
# starting round 2 of 2 pfail=0.0164 fail=41 out of total=2500
# read 2500 det/obs pairs
# P_FAIL N_TOT FAIL S_TOT : C_TRIVIAL S_TRIVIAL   C_LOW S_LOW  C_CLUS S_CLUS : FAIL_RIS N_RIS S_RIS
     0.0162 5000 81 4919 : 2178 2178 	 1889 1881 	 375 362 : 60 558 498 
mismatched det: 0 obs: 81
