# matrix dimensions 120 by 1679
creating submatrix rows 0 to 83, cols 0 to 1401 (inclusive)
submatrix of bigH.mmx minR=0 maxR=83 minC=0 maxC=1401
# matrix dimensions 120 by 1679
creating submatrix rows 36 to 119, cols 0 to 585 (inclusive)
submatrix of bigH.mmx minR=36 maxR=119 minC=0 maxC=585
# matrix dimensions 120 by 1679
creating submatrix rows 36 to 119, cols 586 to 1678 (inclusive)
submatrix of bigH.mmx minR=36 maxR=119 minC=586 maxC=1678
two-step decoding failed: det 0 obs 4 out of 1000
# opening DEM file examples/surf_d5.dem
# read DEM examples/surf_d5.dem: rows_H=120 rows_L=1 cols=1679; nz_H=5008 nz_L=140
# mode=0, running vecdec RIS decoder : use DET and OBS files
# mode=0 submode=0: use RIS decoder
# RIS decoder parameters: steps=10000 swait=0 lerr=1
# ntot=1000 nvec=1000 nfail=0
# uW=2, adding errors of weight up to 2 to syndrome hash
# uX=0, will not use partially matched errors for pre-decoding
# stored 1410360 errors / 1316533 distinct syndrome vectors in hash
# starting round 1 of 1
# read 1000 det/obs pairs
# P_FAIL N_TOT FAIL S_TOT : C_TRIVIAL S_TRIVIAL   C_LOW S_LOW  C_CLUS S_CLUS : FAIL_RIS N_RIS S_RIS
      0.004 1000 4 996 : 83 83 	 445 445 	 340 339 : 3 132 129 
